# JRE version: OpenJDK Runtime Environment (8.0_202-b03) (build 1.8.0_202-release-1483-b03)
# Java VM: OpenJDK 64-Bit Server VM (25.202-b03 mixed mode windows-amd64 compressed oops)
Heap:
 PSYoungGen      total 147456K, used 20148K [0x00000000f5580000, 0x0000000100000000, 0x0000000100000000)
  eden space 133632K, 15% used [0x00000000f5580000,0x00000000f692d3b0,0x00000000fd800000)
  from space 13824K, 0% used [0x00000000ff280000,0x00000000ff280000,0x0000000100000000)
  to   space 20480K, 0% used [0x00000000fd800000,0x00000000fd800000,0x00000000fec00000)
 ParOldGen       total 145408K, used 34180K [0x00000000e0000000, 0x00000000e8e00000, 0x00000000f5580000)
  object space 145408K, 23% used [0x00000000e0000000,0x00000000e21612a0,0x00000000e8e00000)
 Metaspace       used 58382K, capacity 60256K, committed 60376K, reserved 1101824K
  class space    used 7936K, capacity 8368K, committed 8448K, reserved 1048576K
GC Heap History (10 events):
Event: 6.389 GC heap before
{Heap before GC invocations=9 (full 1):
 PSYoungGen      total 141312K, used 27169K [0x00000000f5580000, 0x0000000100000000, 0x0000000100000000)
  eden space 130048K, 12% used [0x00000000f5580000,0x00000000f650c3e8,0x00000000fd480000)
  from space 11264K, 99% used [0x00000000fd480000,0x00000000fdf7c0d8,0x00000000fdf80000)
  to   space 13824K, 0% used [0x00000000ff280000,0x00000000ff280000,0x0000000100000000)
 ParOldGen       total 66048K, used 12222K [0x00000000e0000000, 0x00000000e4080000, 0x00000000f5580000)
  object space 66048K, 18% used [0x00000000e0000000,0x00000000e0bef888,0x00000000e4080000)
 Metaspace       used 34495K, capacity 35384K, committed 35456K, reserved 1079296K
  class space    used 4741K, capacity 4973K, committed 4992K, reserved 1048576K
Event: 6.402 GC heap after
Heap after GC invocations=9 (full 1):
 PSYoungGen      total 160768K, used 8923K [0x00000000f5580000, 0x0000000100000000, 0x0000000100000000)
  eden space 146944K, 0% used [0x00000000f5580000,0x00000000f5580000,0x00000000fe500000)
  from space 13824K, 64% used [0x00000000ff280000,0x00000000ffb36d78,0x0000000100000000)
  to   space 13824K, 0% used [0x00000000fe500000,0x00000000fe500000,0x00000000ff280000)
 ParOldGen       total 66048K, used 12230K [0x00000000e0000000, 0x00000000e4080000, 0x00000000f5580000)
  object space 66048K, 18% used [0x00000000e0000000,0x00000000e0bf1888,0x00000000e4080000)
 Metaspace       used 34495K, capacity 35384K, committed 35456K, reserved 1079296K
  class space    used 4741K, capacity 4973K, committed 4992K, reserved 1048576K
}
Event: 6.402 GC heap before
{Heap before GC invocations=10 (full 2):
 PSYoungGen      total 160768K, used 8923K [0x00000000f5580000, 0x0000000100000000, 0x0000000100000000)
  eden space 146944K, 0% used [0x00000000f5580000,0x00000000f5580000,0x00000000fe500000)
  from space 13824K, 64% used [0x00000000ff280000,0x00000000ffb36d78,0x0000000100000000)
  to   space 13824K, 0% used [0x00000000fe500000,0x00000000fe500000,0x00000000ff280000)
 ParOldGen       total 66048K, used 12230K [0x00000000e0000000, 0x00000000e4080000, 0x00000000f5580000)
  object space 66048K, 18% used [0x00000000e0000000,0x00000000e0bf1888,0x00000000e4080000)
 Metaspace       used 34495K, capacity 35384K, committed 35456K, reserved 1079296K
  class space    used 4741K, capacity 4973K, committed 4992K, reserved 1048576K
Event: 6.484 GC heap after
Heap after GC invocations=10 (full 2):
 PSYoungGen      total 160768K, used 0K [0x00000000f5580000, 0x0000000100000000, 0x0000000100000000)
  eden space 146944K, 0% used [0x00000000f5580000,0x00000000f5580000,0x00000000fe500000)
  from space 13824K, 0% used [0x00000000ff280000,0x00000000ff280000,0x0000000100000000)
  to   space 13824K, 0% used [0x00000000fe500000,0x00000000fe500000,0x00000000ff280000)
 ParOldGen       total 95744K, used 15922K [0x00000000e0000000, 0x00000000e5d80000, 0x00000000f5580000)
  object space 95744K, 16% used [0x00000000e0000000,0x00000000e0f8c818,0x00000000e5d80000)
 Metaspace       used 34493K, capacity 35378K, committed 35456K, reserved 1079296K
  class space    used 4740K, capacity 4972K, committed 4992K, reserved 1048576K
}
Event: 9.280 GC heap before
{Heap before GC invocations=11 (full 2):
 PSYoungGen      total 160768K, used 146944K [0x00000000f5580000, 0x0000000100000000, 0x0000000100000000)
  eden space 146944K, 100% used [0x00000000f5580000,0x00000000fe500000,0x00000000fe500000)
  from space 13824K, 0% used [0x00000000ff280000,0x00000000ff280000,0x0000000100000000)
  to   space 13824K, 0% used [0x00000000fe500000,0x00000000fe500000,0x00000000ff280000)
 ParOldGen       total 95744K, used 15922K [0x00000000e0000000, 0x00000000e5d80000, 0x00000000f5580000)
  object space 95744K, 16% used [0x00000000e0000000,0x00000000e0f8c818,0x00000000e5d80000)
 Metaspace       used 50448K, capacity 51786K, committed 51968K, reserved 1093632K
  class space    used 6803K, capacity 7110K, committed 7168K, reserved 1048576K
Event: 9.308 GC heap after
Heap after GC invocations=11 (full 2):
 PSYoungGen      total 160768K, used 13809K [0x00000000f5580000, 0x0000000100000000, 0x0000000100000000)
  eden space 146944K, 0% used [0x00000000f5580000,0x00000000f5580000,0x00000000fe500000)
  from space 13824K, 99% used [0x00000000fe500000,0x00000000ff27c588,0x00000000ff280000)
  to   space 13824K, 0% used [0x00000000ff280000,0x00000000ff280000,0x0000000100000000)
 ParOldGen       total 95744K, used 20446K [0x00000000e0000000, 0x00000000e5d80000, 0x00000000f5580000)
  object space 95744K, 21% used [0x00000000e0000000,0x00000000e13f7b98,0x00000000e5d80000)
 Metaspace       used 50448K, capacity 51786K, committed 51968K, reserved 1093632K
  class space    used 6803K, capacity 7110K, committed 7168K, reserved 1048576K
}
Event: 10.423 GC heap before
{Heap before GC invocations=12 (full 2):
 PSYoungGen      total 160768K, used 110805K [0x00000000f5580000, 0x0000000100000000, 0x0000000100000000)
  eden space 146944K, 66% used [0x00000000f5580000,0x00000000fb438fc0,0x00000000fe500000)
  from space 13824K, 99% used [0x00000000fe500000,0x00000000ff27c588,0x00000000ff280000)
  to   space 13824K, 0% used [0x00000000ff280000,0x00000000ff280000,0x0000000100000000)
 ParOldGen       total 95744K, used 20446K [0x00000000e0000000, 0x00000000e5d80000, 0x00000000f5580000)
  object space 95744K, 21% used [0x00000000e0000000,0x00000000e13f7b98,0x00000000e5d80000)
 Metaspace       used 57270K, capacity 59040K, committed 59096K, reserved 1099776K
  class space    used 7764K, capacity 8192K, committed 8192K, reserved 1048576K
Event: 10.439 GC heap after
Heap after GC invocations=12 (full 2):
 PSYoungGen      total 147456K, used 13798K [0x00000000f5580000, 0x0000000100000000, 0x0000000100000000)
  eden space 133632K, 0% used [0x00000000f5580000,0x00000000f5580000,0x00000000fd800000)
  from space 13824K, 99% used [0x00000000ff280000,0x00000000ffff9910,0x0000000100000000)
  to   space 20480K, 0% used [0x00000000fd800000,0x00000000fd800000,0x00000000fec00000)
 ParOldGen       total 95744K, used 25986K [0x00000000e0000000, 0x00000000e5d80000, 0x00000000f5580000)
  object space 95744K, 27% used [0x00000000e0000000,0x00000000e1960a60,0x00000000e5d80000)
 Metaspace       used 57270K, capacity 59040K, committed 59096K, reserved 1099776K
  class space    used 7764K, capacity 8192K, committed 8192K, reserved 1048576K
}
Event: 10.439 GC heap before
{Heap before GC invocations=13 (full 3):
 PSYoungGen      total 147456K, used 13798K [0x00000000f5580000, 0x0000000100000000, 0x0000000100000000)
  eden space 133632K, 0% used [0x00000000f5580000,0x00000000f5580000,0x00000000fd800000)
  from space 13824K, 99% used [0x00000000ff280000,0x00000000ffff9910,0x0000000100000000)
  to   space 20480K, 0% used [0x00000000fd800000,0x00000000fd800000,0x00000000fec00000)
 ParOldGen       total 95744K, used 25986K [0x00000000e0000000, 0x00000000e5d80000, 0x00000000f5580000)
  object space 95744K, 27% used [0x00000000e0000000,0x00000000e1960a60,0x00000000e5d80000)
 Metaspace       used 57270K, capacity 59040K, committed 59096K, reserved 1099776K
  class space    used 7764K, capacity 8192K, committed 8192K, reserved 1048576K
Event: 10.663 GC heap after
Heap after GC invocations=13 (full 3):
 PSYoungGen      total 147456K, used 0K [0x00000000f5580000, 0x0000000100000000, 0x0000000100000000)
  eden space 133632K, 0% used [0x00000000f5580000,0x00000000f5580000,0x00000000fd800000)
  from space 13824K, 0% used [0x00000000ff280000,0x00000000ff280000,0x0000000100000000)
  to   space 20480K, 0% used [0x00000000fd800000,0x00000000fd800000,0x00000000fec00000)
 ParOldGen       total 145408K, used 34180K [0x00000000e0000000, 0x00000000e8e00000, 0x00000000f5580000)
  object space 145408K, 23% used [0x00000000e0000000,0x00000000e21612a0,0x00000000e8e00000)
 Metaspace       used 57270K, capacity 59040K, committed 59096K, reserved 1099776K
  class space    used 7764K, capacity 8192K, committed 8192K, reserved 1048576K
}

