# JRE version: OpenJDK Runtime Environment (8.0_202-b03) (build 1.8.0_202-release-1483-b03)
# Java VM: OpenJDK 64-Bit Server VM (25.202-b03 mixed mode windows-amd64 compressed oops)
Heap:
 PSYoungGen      total 138240K, used 52439K [0x00000000f5580000, 0x0000000100000000, 0x0000000100000000)
  eden space 133120K, 35% used [0x00000000f5580000,0x00000000f83b5d80,0x00000000fd780000)
  from space 5120K, 100% used [0x00000000fd780000,0x00000000fdc80000,0x00000000fdc80000)
  to   space 15872K, 0% used [0x00000000ff080000,0x00000000ff080000,0x0000000100000000)
 ParOldGen       total 68096K, used 18062K [0x00000000e0000000, 0x00000000e4280000, 0x00000000f5580000)
  object space 68096K, 26% used [0x00000000e0000000,0x00000000e11a38f0,0x00000000e4280000)
 Metaspace       used 34664K, capacity 35246K, committed 35416K, reserved 1079296K
  class space    used 4768K, capacity 4973K, committed 4992K, reserved 1048576K
GC Heap History (10 events):
Event: 1.508 GC heap before
{Heap before GC invocations=2 (full 0):
 PSYoungGen      total 38400K, used 37452K [0x00000000f5580000, 0x00000000fa080000, 0x0000000100000000)
  eden space 33280K, 100% used [0x00000000f5580000,0x00000000f7600000,0x00000000f7600000)
  from space 5120K, 81% used [0x00000000f7600000,0x00000000f7a13360,0x00000000f7b00000)
  to   space 5120K, 0% used [0x00000000f9b80000,0x00000000f9b80000,0x00000000fa080000)
 ParOldGen       total 87552K, used 8K [0x00000000e0000000, 0x00000000e5580000, 0x00000000f5580000)
  object space 87552K, 0% used [0x00000000e0000000,0x00000000e0002000,0x00000000e5580000)
 Metaspace       used 8202K, capacity 8414K, committed 8576K, reserved 1056768K
  class space    used 1036K, capacity 1109K, committed 1152K, reserved 1048576K
Event: 1.515 GC heap after
Heap after GC invocations=2 (full 0):
 PSYoungGen      total 71680K, used 4112K [0x00000000f5580000, 0x00000000fa080000, 0x0000000100000000)
  eden space 66560K, 0% used [0x00000000f5580000,0x00000000f5580000,0x00000000f9680000)
  from space 5120K, 80% used [0x00000000f9b80000,0x00000000f9f841f8,0x00000000fa080000)
  to   space 5120K, 0% used [0x00000000f9680000,0x00000000f9680000,0x00000000f9b80000)
 ParOldGen       total 87552K, used 16K [0x00000000e0000000, 0x00000000e5580000, 0x00000000f5580000)
  object space 87552K, 0% used [0x00000000e0000000,0x00000000e0004000,0x00000000e5580000)
 Metaspace       used 8202K, capacity 8414K, committed 8576K, reserved 1056768K
  class space    used 1036K, capacity 1109K, committed 1152K, reserved 1048576K
}
Event: 5.200 GC heap before
{Heap before GC invocations=3 (full 0):
 PSYoungGen      total 71680K, used 70672K [0x00000000f5580000, 0x00000000fa080000, 0x0000000100000000)
  eden space 66560K, 100% used [0x00000000f5580000,0x00000000f9680000,0x00000000f9680000)
  from space 5120K, 80% used [0x00000000f9b80000,0x00000000f9f841f8,0x00000000fa080000)
  to   space 5120K, 0% used [0x00000000f9680000,0x00000000f9680000,0x00000000f9b80000)
 ParOldGen       total 87552K, used 16K [0x00000000e0000000, 0x00000000e5580000, 0x00000000f5580000)
  object space 87552K, 0% used [0x00000000e0000000,0x00000000e0004000,0x00000000e5580000)
 Metaspace       used 15368K, capacity 15720K, committed 16000K, reserved 1062912K
  class space    used 2179K, capacity 2318K, committed 2432K, reserved 1048576K
Event: 5.221 GC heap after
Heap after GC invocations=3 (full 0):
 PSYoungGen      total 71680K, used 5088K [0x00000000f5580000, 0x00000000fe180000, 0x0000000100000000)
  eden space 66560K, 0% used [0x00000000f5580000,0x00000000f5580000,0x00000000f9680000)
  from space 5120K, 99% used [0x00000000f9680000,0x00000000f9b78020,0x00000000f9b80000)
  to   space 5120K, 0% used [0x00000000fdc80000,0x00000000fdc80000,0x00000000fe180000)
 ParOldGen       total 87552K, used 5220K [0x00000000e0000000, 0x00000000e5580000, 0x00000000f5580000)
  object space 87552K, 5% used [0x00000000e0000000,0x00000000e05193e0,0x00000000e5580000)
 Metaspace       used 15368K, capacity 15720K, committed 16000K, reserved 1062912K
  class space    used 2179K, capacity 2318K, committed 2432K, reserved 1048576K
}
Event: 6.065 GC heap before
{Heap before GC invocations=4 (full 0):
 PSYoungGen      total 71680K, used 50562K [0x00000000f5580000, 0x00000000fe180000, 0x0000000100000000)
  eden space 66560K, 68% used [0x00000000f5580000,0x00000000f81e8888,0x00000000f9680000)
  from space 5120K, 99% used [0x00000000f9680000,0x00000000f9b78020,0x00000000f9b80000)
  to   space 5120K, 0% used [0x00000000fdc80000,0x00000000fdc80000,0x00000000fe180000)
 ParOldGen       total 87552K, used 5220K [0x00000000e0000000, 0x00000000e5580000, 0x00000000f5580000)
  object space 87552K, 5% used [0x00000000e0000000,0x00000000e05193e0,0x00000000e5580000)
 Metaspace       used 20709K, capacity 21044K, committed 21248K, reserved 1067008K
  class space    used 2856K, capacity 2998K, committed 3072K, reserved 1048576K
Event: 6.077 GC heap after
Heap after GC invocations=4 (full 0):
 PSYoungGen      total 138240K, used 5108K [0x00000000f5580000, 0x00000000fe180000, 0x0000000100000000)
  eden space 133120K, 0% used [0x00000000f5580000,0x00000000f5580000,0x00000000fd780000)
  from space 5120K, 99% used [0x00000000fdc80000,0x00000000fe17d040,0x00000000fe180000)
  to   space 5120K, 0% used [0x00000000fd780000,0x00000000fd780000,0x00000000fdc80000)
 ParOldGen       total 87552K, used 10870K [0x00000000e0000000, 0x00000000e5580000, 0x00000000f5580000)
  object space 87552K, 12% used [0x00000000e0000000,0x00000000e0a9d988,0x00000000e5580000)
 Metaspace       used 20709K, capacity 21044K, committed 21248K, reserved 1067008K
  class space    used 2856K, capacity 2998K, committed 3072K, reserved 1048576K
}
Event: 6.077 GC heap before
{Heap before GC invocations=5 (full 1):
 PSYoungGen      total 138240K, used 5108K [0x00000000f5580000, 0x00000000fe180000, 0x0000000100000000)
  eden space 133120K, 0% used [0x00000000f5580000,0x00000000f5580000,0x00000000fd780000)
  from space 5120K, 99% used [0x00000000fdc80000,0x00000000fe17d040,0x00000000fe180000)
  to   space 5120K, 0% used [0x00000000fd780000,0x00000000fd780000,0x00000000fdc80000)
 ParOldGen       total 87552K, used 10870K [0x00000000e0000000, 0x00000000e5580000, 0x00000000f5580000)
  object space 87552K, 12% used [0x00000000e0000000,0x00000000e0a9d988,0x00000000e5580000)
 Metaspace       used 20709K, capacity 21044K, committed 21248K, reserved 1067008K
  class space    used 2856K, capacity 2998K, committed 3072K, reserved 1048576K
Event: 6.143 GC heap after
Heap after GC invocations=5 (full 1):
 PSYoungGen      total 138240K, used 0K [0x00000000f5580000, 0x00000000fe180000, 0x0000000100000000)
  eden space 133120K, 0% used [0x00000000f5580000,0x00000000f5580000,0x00000000fd780000)
  from space 5120K, 0% used [0x00000000fdc80000,0x00000000fdc80000,0x00000000fe180000)
  to   space 5120K, 0% used [0x00000000fd780000,0x00000000fd780000,0x00000000fdc80000)
 ParOldGen       total 68096K, used 10623K [0x00000000e0000000, 0x00000000e4280000, 0x00000000f5580000)
  object space 68096K, 15% used [0x00000000e0000000,0x00000000e0a5ff40,0x00000000e4280000)
 Metaspace       used 20709K, capacity 21044K, committed 21248K, reserved 1067008K
  class space    used 2856K, capacity 2998K, committed 3072K, reserved 1048576K
}
Event: 8.554 GC heap before
{Heap before GC invocations=6 (full 1):
 PSYoungGen      total 138240K, used 133120K [0x00000000f5580000, 0x00000000fe180000, 0x0000000100000000)
  eden space 133120K, 100% used [0x00000000f5580000,0x00000000fd780000,0x00000000fd780000)
  from space 5120K, 0% used [0x00000000fdc80000,0x00000000fdc80000,0x00000000fe180000)
  to   space 5120K, 0% used [0x00000000fd780000,0x00000000fd780000,0x00000000fdc80000)
 ParOldGen       total 68096K, used 10623K [0x00000000e0000000, 0x00000000e4280000, 0x00000000f5580000)
  object space 68096K, 15% used [0x00000000e0000000,0x00000000e0a5ff40,0x00000000e4280000)
 Metaspace       used 31520K, capacity 31916K, committed 32256K, reserved 1077248K
  class space    used 4334K, capacity 4499K, committed 4608K, reserved 1048576K
Event: 8.571 GC heap after
Heap after GC invocations=6 (full 1):
 PSYoungGen      total 138240K, used 5120K [0x00000000f5580000, 0x0000000100000000, 0x0000000100000000)
  eden space 133120K, 0% used [0x00000000f5580000,0x00000000f5580000,0x00000000fd780000)
  from space 5120K, 100% used [0x00000000fd780000,0x00000000fdc80000,0x00000000fdc80000)
  to   space 15872K, 0% used [0x00000000ff080000,0x00000000ff080000,0x0000000100000000)
 ParOldGen       total 68096K, used 18062K [0x00000000e0000000, 0x00000000e4280000, 0x00000000f5580000)
  object space 68096K, 26% used [0x00000000e0000000,0x00000000e11a38f0,0x00000000e4280000)
 Metaspace       used 31520K, capacity 31916K, committed 32256K, reserved 1077248K
  class space    used 4334K, capacity 4499K, committed 4608K, reserved 1048576K
}

